mode: set
github.com/sean9999/polity/v3/citizen.go:28.34,31.2 2 1
github.com/sean9999/polity/v3/citizen.go:44.54,51.2 2 1
github.com/sean9999/polity/v3/citizen.go:53.82,55.16 2 1
github.com/sean9999/polity/v3/citizen.go:55.16,57.3 1 1
github.com/sean9999/polity/v3/citizen.go:58.2,59.12 2 1
github.com/sean9999/polity/v3/citizen.go:62.95,65.21 1 1
github.com/sean9999/polity/v3/citizen.go:65.21,67.3 1 1
github.com/sean9999/polity/v3/citizen.go:68.2,68.19 1 1
github.com/sean9999/polity/v3/citizen.go:68.19,70.3 1 1
github.com/sean9999/polity/v3/citizen.go:73.2,74.16 2 1
github.com/sean9999/polity/v3/citizen.go:74.16,76.3 1 1
github.com/sean9999/polity/v3/citizen.go:79.2,81.16 3 1
github.com/sean9999/polity/v3/citizen.go:81.16,83.3 1 1
github.com/sean9999/polity/v3/citizen.go:84.2,92.12 3 1
github.com/sean9999/polity/v3/citizen.go:92.12,93.34 1 1
github.com/sean9999/polity/v3/citizen.go:93.34,96.18 3 1
github.com/sean9999/polity/v3/citizen.go:96.18,98.13 2 1
github.com/sean9999/polity/v3/citizen.go:100.4,100.15 1 1
github.com/sean9999/polity/v3/citizen.go:102.3,102.15 1 1
github.com/sean9999/polity/v3/citizen.go:110.2,110.12 1 1
github.com/sean9999/polity/v3/citizen.go:110.12,111.32 1 1
github.com/sean9999/polity/v3/citizen.go:111.32,113.18 2 1
github.com/sean9999/polity/v3/citizen.go:113.18,115.13 2 1
github.com/sean9999/polity/v3/citizen.go:117.4,117.33 1 1
github.com/sean9999/polity/v3/citizen.go:117.33,119.13 2 1
github.com/sean9999/polity/v3/citizen.go:121.4,122.18 2 1
github.com/sean9999/polity/v3/citizen.go:122.18,124.13 2 1
github.com/sean9999/polity/v3/citizen.go:129.2,129.33 1 1
github.com/sean9999/polity/v3/citizen.go:133.70,138.2 4 1
github.com/sean9999/polity/v3/citizen.go:141.74,146.2 4 1
github.com/sean9999/polity/v3/citizen.go:148.103,152.16 4 1
github.com/sean9999/polity/v3/citizen.go:152.16,154.3 1 1
github.com/sean9999/polity/v3/citizen.go:155.2,155.44 1 1
github.com/sean9999/polity/v3/citizen.go:158.109,162.39 4 1
github.com/sean9999/polity/v3/citizen.go:162.39,164.16 2 1
github.com/sean9999/polity/v3/citizen.go:164.16,166.4 1 0
github.com/sean9999/polity/v3/citizen.go:167.3,167.12 1 1
github.com/sean9999/polity/v3/citizen.go:169.2,170.12 2 1
github.com/sean9999/polity/v3/envelope.go:18.50,20.16 2 1
github.com/sean9999/polity/v3/envelope.go:20.16,22.3 1 1
github.com/sean9999/polity/v3/envelope.go:23.2,23.29 1 1
github.com/sean9999/polity/v3/envelope.go:26.50,28.16 2 1
github.com/sean9999/polity/v3/envelope.go:28.16,30.3 1 1
github.com/sean9999/polity/v3/envelope.go:31.2,32.16 2 1
github.com/sean9999/polity/v3/envelope.go:32.16,34.3 1 0
github.com/sean9999/polity/v3/envelope.go:35.2,36.34 2 1
github.com/sean9999/polity/v3/envelope.go:39.41,43.2 3 1
github.com/sean9999/polity/v3/letter.go:26.69,30.16 3 1
github.com/sean9999/polity/v3/letter.go:30.16,32.3 1 0
github.com/sean9999/polity/v3/letter.go:34.2,35.9 2 1
github.com/sean9999/polity/v3/letter.go:35.9,37.3 1 1
github.com/sean9999/polity/v3/letter.go:38.2,39.36 2 1
github.com/sean9999/polity/v3/letter.go:42.44,44.44 2 1
github.com/sean9999/polity/v3/letter.go:44.44,46.3 1 1
github.com/sean9999/polity/v3/letter.go:47.2,47.46 1 1
github.com/sean9999/polity/v3/letter.go:47.46,49.3 1 1
github.com/sean9999/polity/v3/letter.go:50.2,50.44 1 1
github.com/sean9999/polity/v3/letter.go:50.44,52.3 1 1
github.com/sean9999/polity/v3/letter.go:53.2,53.36 1 1
github.com/sean9999/polity/v3/letter.go:53.36,55.3 1 1
github.com/sean9999/polity/v3/letter.go:56.2,56.32 1 1
github.com/sean9999/polity/v3/letter.go:56.32,58.3 1 1
github.com/sean9999/polity/v3/letter.go:59.2,59.39 1 1
github.com/sean9999/polity/v3/letter.go:59.39,61.3 1 0
github.com/sean9999/polity/v3/letter.go:62.2,62.13 1 1
github.com/sean9999/polity/v3/letter.go:65.36,73.2 4 1
github.com/sean9999/polity/v3/letter.go:80.48,82.13 2 1
github.com/sean9999/polity/v3/letter.go:82.13,84.3 1 1
github.com/sean9999/polity/v3/letter.go:87.2,88.12 2 1
github.com/sean9999/polity/v3/letter.go:88.12,90.25 2 1
github.com/sean9999/polity/v3/letter.go:90.25,92.4 1 1
github.com/sean9999/polity/v3/letter.go:95.2,96.16 2 1
github.com/sean9999/polity/v3/letter.go:96.16,98.3 1 1
github.com/sean9999/polity/v3/letter.go:99.2,101.9 3 1
github.com/sean9999/polity/v3/letter.go:101.9,103.3 1 1
github.com/sean9999/polity/v3/letter.go:104.2,104.12 1 0
github.com/sean9999/polity/v3/letter.go:112.56,113.17 1 1
github.com/sean9999/polity/v3/letter.go:113.17,115.3 1 0
github.com/sean9999/polity/v3/letter.go:116.2,116.20 1 1
github.com/sean9999/polity/v3/letter.go:116.20,118.3 1 1
github.com/sean9999/polity/v3/letter.go:119.2,121.16 3 1
github.com/sean9999/polity/v3/letter.go:121.16,123.3 1 1
github.com/sean9999/polity/v3/letter.go:124.2,125.14 2 1
github.com/sean9999/polity/v3/letter.go:125.14,127.3 1 0
github.com/sean9999/polity/v3/letter.go:128.2,128.15 1 1
github.com/sean9999/polity/v3/letter.go:131.53,135.2 3 1
github.com/sean9999/polity/v3/letter.go:137.60,138.59 1 1
github.com/sean9999/polity/v3/letter.go:138.59,140.3 1 1
github.com/sean9999/polity/v3/letter.go:141.2,143.15 3 1
github.com/sean9999/polity/v3/letter.go:146.42,148.16 2 1
github.com/sean9999/polity/v3/letter.go:148.16,149.13 1 0
github.com/sean9999/polity/v3/letter.go:151.2,152.35 2 1
github.com/sean9999/polity/v3/letter.go:155.60,158.2 2 1
github.com/sean9999/polity/v3/letter.go:160.61,161.14 1 1
github.com/sean9999/polity/v3/letter.go:161.14,164.3 2 1
github.com/sean9999/polity/v3/letter.go:165.2,167.16 3 1
github.com/sean9999/polity/v3/letter.go:167.16,169.3 1 0
github.com/sean9999/polity/v3/letter.go:170.2,171.12 2 1
github.com/sean9999/polity/v3/letter.go:174.52,175.27 1 1
github.com/sean9999/polity/v3/letter.go:175.27,177.3 1 1
github.com/sean9999/polity/v3/letter.go:178.2,180.16 3 1
github.com/sean9999/polity/v3/letter.go:180.16,182.3 1 0
github.com/sean9999/polity/v3/letter.go:183.2,184.12 2 1
github.com/sean9999/polity/v3/letter.go:187.40,190.2 2 1
github.com/sean9999/polity/v3/letter.go:192.52,194.2 1 1
github.com/sean9999/polity/v3/peer.go:16.35,18.16 2 0
github.com/sean9999/polity/v3/peer.go:18.16,19.13 1 0
github.com/sean9999/polity/v3/peer.go:21.2,21.12 1 0
github.com/sean9999/polity/v3/peer.go:24.47,26.2 1 0
github.com/sean9999/polity/v3/peer.go:28.35,29.14 1 0
github.com/sean9999/polity/v3/peer.go:29.14,31.3 1 0
github.com/sean9999/polity/v3/peer.go:32.2,33.13 2 0
github.com/sean9999/polity/v3/peer.go:33.13,35.3 1 0
github.com/sean9999/polity/v3/peer.go:36.2,37.16 2 0
github.com/sean9999/polity/v3/peer.go:37.16,39.3 1 0
github.com/sean9999/polity/v3/peer.go:40.2,40.10 1 0
github.com/sean9999/polity/v3/peer.go:43.46,49.2 5 0
github.com/sean9999/polity/v3/peerset.go:14.71,16.2 1 1
github.com/sean9999/polity/v3/peerset.go:18.46,20.15 2 1
github.com/sean9999/polity/v3/peerset.go:20.15,22.3 1 0
github.com/sean9999/polity/v3/peerset.go:25.55,26.32 1 0
github.com/sean9999/polity/v3/peerset.go:26.32,28.3 1 0
github.com/sean9999/polity/v3/peerset.go:29.2,29.11 1 0
github.com/sean9999/polity/v3/peerset.go:32.36,34.33 2 1
github.com/sean9999/polity/v3/peerset.go:34.33,36.14 2 1
github.com/sean9999/polity/v3/peerset.go:36.14,37.12 1 0
github.com/sean9999/polity/v3/peerset.go:39.3,40.17 2 1
github.com/sean9999/polity/v3/peerset.go:40.17,41.12 1 0
github.com/sean9999/polity/v3/peerset.go:43.3,43.26 1 1
github.com/sean9999/polity/v3/peerset.go:45.2,45.13 1 1
github.com/sean9999/polity/v3/peerset.go:48.38,50.2 1 0
github.com/sean9999/polity/v3/peerset.go:51.45,54.2 2 0
github.com/sean9999/polity/v3/peerset.go:55.30,57.2 1 0
github.com/sean9999/polity/v3/peerset.go:58.55,60.9 2 0
github.com/sean9999/polity/v3/peerset.go:60.9,62.3 1 0
github.com/sean9999/polity/v3/peerset.go:63.2,65.10 3 0
github.com/sean9999/polity/v3/vitals.go:17.77,18.29 1 1
github.com/sean9999/polity/v3/vitals.go:18.29,20.3 1 1
github.com/sean9999/polity/v3/vitals.go:21.2,23.13 3 1
github.com/sean9999/polity/v3/vitals.go:23.13,25.3 1 1
github.com/sean9999/polity/v3/vitals.go:26.2,27.12 2 1
