mode: set
github.com/sean9999/polity/v3/citizen.go:36.77,39.13 3 0
github.com/sean9999/polity/v3/citizen.go:39.13,41.3 1 0
github.com/sean9999/polity/v3/citizen.go:42.2,43.12 2 0
github.com/sean9999/polity/v3/citizen.go:46.34,49.2 2 0
github.com/sean9999/polity/v3/citizen.go:51.99,53.23 1 0
github.com/sean9999/polity/v3/citizen.go:56.104,58.23 1 0
github.com/sean9999/polity/v3/citizen.go:61.54,68.2 2 0
github.com/sean9999/polity/v3/citizen.go:70.82,72.16 2 0
github.com/sean9999/polity/v3/citizen.go:72.16,74.3 1 0
github.com/sean9999/polity/v3/citizen.go:75.2,76.12 2 0
github.com/sean9999/polity/v3/citizen.go:79.95,82.21 1 0
github.com/sean9999/polity/v3/citizen.go:82.21,84.3 1 0
github.com/sean9999/polity/v3/citizen.go:85.2,85.19 1 0
github.com/sean9999/polity/v3/citizen.go:85.19,87.3 1 0
github.com/sean9999/polity/v3/citizen.go:90.2,91.16 2 0
github.com/sean9999/polity/v3/citizen.go:91.16,93.3 1 0
github.com/sean9999/polity/v3/citizen.go:96.2,98.16 3 0
github.com/sean9999/polity/v3/citizen.go:98.16,100.3 1 0
github.com/sean9999/polity/v3/citizen.go:101.2,109.12 3 0
github.com/sean9999/polity/v3/citizen.go:109.12,110.34 1 0
github.com/sean9999/polity/v3/citizen.go:110.34,113.18 3 0
github.com/sean9999/polity/v3/citizen.go:113.18,115.13 2 0
github.com/sean9999/polity/v3/citizen.go:117.4,117.15 1 0
github.com/sean9999/polity/v3/citizen.go:119.3,119.15 1 0
github.com/sean9999/polity/v3/citizen.go:128.2,128.12 1 0
github.com/sean9999/polity/v3/citizen.go:128.12,129.32 1 0
github.com/sean9999/polity/v3/citizen.go:129.32,131.18 2 0
github.com/sean9999/polity/v3/citizen.go:131.18,133.13 2 0
github.com/sean9999/polity/v3/citizen.go:135.4,136.18 2 0
github.com/sean9999/polity/v3/citizen.go:136.18,138.13 2 0
github.com/sean9999/polity/v3/citizen.go:143.2,143.33 1 0
github.com/sean9999/polity/v3/citizen.go:147.70,152.2 4 0
github.com/sean9999/polity/v3/citizen.go:155.74,160.2 4 0
github.com/sean9999/polity/v3/citizen.go:162.103,166.16 4 0
github.com/sean9999/polity/v3/citizen.go:166.16,168.3 1 0
github.com/sean9999/polity/v3/citizen.go:169.2,169.44 1 0
github.com/sean9999/polity/v3/citizen.go:172.109,176.39 4 0
github.com/sean9999/polity/v3/citizen.go:176.39,178.16 2 0
github.com/sean9999/polity/v3/citizen.go:178.16,180.4 1 0
github.com/sean9999/polity/v3/citizen.go:181.3,181.12 1 0
github.com/sean9999/polity/v3/citizen.go:183.2,184.12 2 0
github.com/sean9999/polity/v3/envelope.go:18.50,20.16 2 0
github.com/sean9999/polity/v3/envelope.go:20.16,22.3 1 0
github.com/sean9999/polity/v3/envelope.go:23.2,23.29 1 0
github.com/sean9999/polity/v3/envelope.go:26.50,28.16 2 0
github.com/sean9999/polity/v3/envelope.go:28.16,30.3 1 0
github.com/sean9999/polity/v3/envelope.go:31.2,32.16 2 0
github.com/sean9999/polity/v3/envelope.go:32.16,34.3 1 0
github.com/sean9999/polity/v3/envelope.go:35.2,36.34 2 0
github.com/sean9999/polity/v3/envelope.go:39.41,43.2 3 0
github.com/sean9999/polity/v3/letter.go:26.69,30.16 3 0
github.com/sean9999/polity/v3/letter.go:30.16,32.3 1 0
github.com/sean9999/polity/v3/letter.go:34.2,35.9 2 0
github.com/sean9999/polity/v3/letter.go:35.9,37.3 1 0
github.com/sean9999/polity/v3/letter.go:38.2,39.36 2 0
github.com/sean9999/polity/v3/letter.go:42.44,44.44 2 0
github.com/sean9999/polity/v3/letter.go:44.44,46.3 1 0
github.com/sean9999/polity/v3/letter.go:47.2,47.46 1 0
github.com/sean9999/polity/v3/letter.go:47.46,49.3 1 0
github.com/sean9999/polity/v3/letter.go:50.2,50.44 1 0
github.com/sean9999/polity/v3/letter.go:50.44,52.3 1 0
github.com/sean9999/polity/v3/letter.go:53.2,53.36 1 0
github.com/sean9999/polity/v3/letter.go:53.36,55.3 1 0
github.com/sean9999/polity/v3/letter.go:56.2,56.32 1 0
github.com/sean9999/polity/v3/letter.go:56.32,58.3 1 0
github.com/sean9999/polity/v3/letter.go:59.2,59.39 1 0
github.com/sean9999/polity/v3/letter.go:59.39,61.3 1 0
github.com/sean9999/polity/v3/letter.go:62.2,62.13 1 0
github.com/sean9999/polity/v3/letter.go:65.36,73.2 4 1
github.com/sean9999/polity/v3/letter.go:80.48,82.13 2 0
github.com/sean9999/polity/v3/letter.go:82.13,84.3 1 0
github.com/sean9999/polity/v3/letter.go:87.2,88.12 2 0
github.com/sean9999/polity/v3/letter.go:88.12,90.25 2 0
github.com/sean9999/polity/v3/letter.go:90.25,92.4 1 0
github.com/sean9999/polity/v3/letter.go:95.2,96.16 2 0
github.com/sean9999/polity/v3/letter.go:96.16,98.3 1 0
github.com/sean9999/polity/v3/letter.go:99.2,101.9 3 0
github.com/sean9999/polity/v3/letter.go:101.9,103.3 1 0
github.com/sean9999/polity/v3/letter.go:104.2,104.12 1 0
github.com/sean9999/polity/v3/letter.go:112.56,113.17 1 1
github.com/sean9999/polity/v3/letter.go:113.17,115.3 1 0
github.com/sean9999/polity/v3/letter.go:116.2,116.20 1 1
github.com/sean9999/polity/v3/letter.go:116.20,118.3 1 0
github.com/sean9999/polity/v3/letter.go:119.2,121.16 3 1
github.com/sean9999/polity/v3/letter.go:121.16,123.3 1 1
github.com/sean9999/polity/v3/letter.go:124.2,125.14 2 1
github.com/sean9999/polity/v3/letter.go:125.14,127.3 1 0
github.com/sean9999/polity/v3/letter.go:128.2,128.15 1 1
github.com/sean9999/polity/v3/letter.go:131.53,135.2 3 1
github.com/sean9999/polity/v3/letter.go:137.60,138.59 1 1
github.com/sean9999/polity/v3/letter.go:138.59,140.3 1 1
github.com/sean9999/polity/v3/letter.go:141.2,143.15 3 1
github.com/sean9999/polity/v3/letter.go:146.42,148.16 2 0
github.com/sean9999/polity/v3/letter.go:148.16,149.13 1 0
github.com/sean9999/polity/v3/letter.go:151.2,152.35 2 0
github.com/sean9999/polity/v3/letter.go:155.60,158.2 2 1
github.com/sean9999/polity/v3/letter.go:160.61,161.14 1 1
github.com/sean9999/polity/v3/letter.go:161.14,164.3 2 1
github.com/sean9999/polity/v3/letter.go:165.2,167.16 3 1
github.com/sean9999/polity/v3/letter.go:167.16,169.3 1 0
github.com/sean9999/polity/v3/letter.go:170.2,171.12 2 1
github.com/sean9999/polity/v3/letter.go:174.52,175.27 1 1
github.com/sean9999/polity/v3/letter.go:175.27,177.3 1 1
github.com/sean9999/polity/v3/letter.go:178.2,180.16 3 1
github.com/sean9999/polity/v3/letter.go:180.16,182.3 1 0
github.com/sean9999/polity/v3/letter.go:183.2,184.12 2 1
github.com/sean9999/polity/v3/letter.go:187.40,190.2 2 1
github.com/sean9999/polity/v3/letter.go:192.52,194.2 1 1
github.com/sean9999/polity/v3/peer.go:16.35,18.16 2 0
github.com/sean9999/polity/v3/peer.go:18.16,19.13 1 0
github.com/sean9999/polity/v3/peer.go:21.2,21.12 1 0
github.com/sean9999/polity/v3/peer.go:24.47,26.2 1 0
github.com/sean9999/polity/v3/peer.go:28.35,29.14 1 0
github.com/sean9999/polity/v3/peer.go:29.14,31.3 1 0
github.com/sean9999/polity/v3/peer.go:32.2,33.13 2 0
github.com/sean9999/polity/v3/peer.go:33.13,35.3 1 0
github.com/sean9999/polity/v3/peer.go:36.2,37.16 2 0
github.com/sean9999/polity/v3/peer.go:37.16,39.3 1 0
github.com/sean9999/polity/v3/peer.go:40.2,40.10 1 0
github.com/sean9999/polity/v3/peer.go:43.46,49.2 5 0
github.com/sean9999/polity/v3/peerset.go:14.71,16.2 1 0
github.com/sean9999/polity/v3/peerset.go:18.46,20.15 2 0
github.com/sean9999/polity/v3/peerset.go:20.15,22.3 1 0
github.com/sean9999/polity/v3/peerset.go:25.55,26.32 1 0
github.com/sean9999/polity/v3/peerset.go:26.32,28.3 1 0
github.com/sean9999/polity/v3/peerset.go:29.2,29.11 1 0
github.com/sean9999/polity/v3/peerset.go:32.36,34.33 2 0
github.com/sean9999/polity/v3/peerset.go:34.33,36.14 2 0
github.com/sean9999/polity/v3/peerset.go:36.14,37.12 1 0
github.com/sean9999/polity/v3/peerset.go:39.3,40.17 2 0
github.com/sean9999/polity/v3/peerset.go:40.17,41.12 1 0
github.com/sean9999/polity/v3/peerset.go:43.3,43.26 1 0
github.com/sean9999/polity/v3/peerset.go:45.2,45.13 1 0
github.com/sean9999/polity/v3/peerset.go:48.38,50.2 1 0
github.com/sean9999/polity/v3/peerset.go:51.45,54.2 2 0
github.com/sean9999/polity/v3/peerset.go:55.30,57.2 1 0
github.com/sean9999/polity/v3/peerset.go:58.55,60.9 2 0
github.com/sean9999/polity/v3/peerset.go:60.9,62.3 1 0
github.com/sean9999/polity/v3/peerset.go:63.2,65.10 3 0
github.com/sean9999/polity/v3/cmd/polity/main.go:5.13,7.2 1 0
github.com/sean9999/polity/v3/cmd/dirk/main.go:11.39,12.18 1 0
github.com/sean9999/polity/v3/cmd/dirk/main.go:12.18,14.3 1 0
github.com/sean9999/polity/v3/cmd/dirk/main.go:15.2,16.34 2 0
github.com/sean9999/polity/v3/cmd/dirk/main.go:16.34,18.3 1 0
github.com/sean9999/polity/v3/cmd/dirk/main.go:19.2,24.36 2 0
github.com/sean9999/polity/v3/cmd/dirk/main.go:24.36,26.25 2 0
github.com/sean9999/polity/v3/cmd/dirk/main.go:26.25,28.4 1 0
github.com/sean9999/polity/v3/cmd/dirk/main.go:30.2,30.14 1 0
github.com/sean9999/polity/v3/cmd/dirk/main.go:33.39,36.16 2 0
github.com/sean9999/polity/v3/cmd/dirk/main.go:36.16,38.3 1 0
github.com/sean9999/polity/v3/cmd/dirk/main.go:39.2,40.39 2 0
github.com/sean9999/polity/v3/cmd/dirk/main.go:40.39,41.54 1 0
github.com/sean9999/polity/v3/cmd/dirk/main.go:41.54,43.25 2 0
github.com/sean9999/polity/v3/cmd/dirk/main.go:43.25,45.5 1 0
github.com/sean9999/polity/v3/cmd/dirk/main.go:46.4,46.30 1 0
github.com/sean9999/polity/v3/cmd/dirk/main.go:49.2,49.60 1 0
github.com/sean9999/polity/v3/cmd/dirk/main.go:52.13,55.16 3 0
github.com/sean9999/polity/v3/cmd/dirk/main.go:55.16,57.3 1 0
github.com/sean9999/polity/v3/cmd/polityd/boot_up.go:13.70,19.2 5 0
github.com/sean9999/polity/v3/cmd/polityd/handle_hello.go:13.74,17.16 2 0
github.com/sean9999/polity/v3/cmd/polityd/handle_hello.go:17.16,19.3 1 0
github.com/sean9999/polity/v3/cmd/polityd/handle_hello.go:21.2,22.16 2 0
github.com/sean9999/polity/v3/cmd/polityd/handle_hello.go:22.16,24.3 1 0
github.com/sean9999/polity/v3/cmd/polityd/handle_hello.go:25.2,31.17 4 0
github.com/sean9999/polity/v3/cmd/polityd/handle_hello.go:31.17,34.17 2 0
github.com/sean9999/polity/v3/cmd/polityd/handle_hello.go:34.17,36.4 1 0
github.com/sean9999/polity/v3/cmd/polityd/handle_hello.go:37.3,37.31 1 0
github.com/sean9999/polity/v3/cmd/polityd/handle_hello.go:38.8,41.30 2 0
github.com/sean9999/polity/v3/cmd/polityd/handle_hello.go:41.30,43.4 1 0
github.com/sean9999/polity/v3/cmd/polityd/handle_hello.go:44.3,44.30 1 0
github.com/sean9999/polity/v3/cmd/polityd/handle_hello.go:47.2,54.67 7 0
github.com/sean9999/polity/v3/cmd/polityd/main.go:25.49,34.57 5 0
github.com/sean9999/polity/v3/cmd/polityd/main.go:34.57,36.17 2 0
github.com/sean9999/polity/v3/cmd/polityd/main.go:36.17,38.4 1 0
github.com/sean9999/polity/v3/cmd/polityd/main.go:39.3,41.17 3 0
github.com/sean9999/polity/v3/cmd/polityd/main.go:41.17,43.4 1 0
github.com/sean9999/polity/v3/cmd/polityd/main.go:44.3,51.13 8 0
github.com/sean9999/polity/v3/cmd/polityd/main.go:53.2,53.33 1 0
github.com/sean9999/polity/v3/cmd/polityd/main.go:56.41,61.16 3 0
github.com/sean9999/polity/v3/cmd/polityd/main.go:61.16,62.13 1 0
github.com/sean9999/polity/v3/cmd/polityd/main.go:64.2,65.12 2 0
github.com/sean9999/polity/v3/cmd/polityd/main.go:65.12,66.23 1 0
github.com/sean9999/polity/v3/cmd/polityd/main.go:66.23,68.4 1 0
github.com/sean9999/polity/v3/cmd/polityd/main.go:72.2,72.23 1 0
github.com/sean9999/polity/v3/cmd/polityd/main.go:72.23,83.17 6 0
github.com/sean9999/polity/v3/cmd/polityd/main.go:83.17,84.14 1 0
github.com/sean9999/polity/v3/cmd/polityd/main.go:86.3,86.15 1 0
github.com/sean9999/polity/v3/cmd/polityd/main.go:89.2,91.23 2 0
github.com/sean9999/polity/v3/cmd/polityd/main.go:91.23,92.29 1 0
github.com/sean9999/polity/v3/cmd/polityd/main.go:93.23,94.56 1 0
github.com/sean9999/polity/v3/cmd/polityd/main.go:95.25,95.25 0 0
github.com/sean9999/polity/v3/cmd/polityd/main.go:97.11,100.70 3 0
github.com/sean9999/polity/v3/cmd/polityd/main.go:101.18,102.9 1 0
github.com/sean9999/polity/v3/cmd/polityd/main.go:108.13,112.2 3 0
github.com/sean9999/polity/v3/subject/subject.go:5.34,7.2 1 0
github.com/sean9999/polity/v3/subject/subject.go:9.29,11.2 1 0
github.com/sean9999/polity/v3/network/mem/net.go:7.28,10.2 2 1
github.com/sean9999/polity/v3/network/mem/net.go:12.43,14.2 1 1
github.com/sean9999/polity/v3/network/mem/net.go:16.43,19.2 2 1
github.com/sean9999/polity/v3/network/mem/net.go:21.48,24.2 2 1
github.com/sean9999/polity/v3/network/mem/net.go:26.37,29.2 2 1
github.com/sean9999/polity/v3/network/mem/net.go:31.33,35.2 3 1
github.com/sean9999/polity/v3/network/mem/node.go:21.34,23.2 1 1
github.com/sean9999/polity/v3/network/mem/node.go:25.81,26.26 1 1
github.com/sean9999/polity/v3/network/mem/node.go:26.26,28.3 1 1
github.com/sean9999/polity/v3/network/mem/node.go:29.2,35.19 3 1
github.com/sean9999/polity/v3/network/mem/node.go:35.19,37.3 1 0
github.com/sean9999/polity/v3/network/mem/node.go:38.2,40.12 3 1
github.com/sean9999/polity/v3/network/mem/node.go:43.35,44.26 1 0
github.com/sean9999/polity/v3/network/mem/node.go:44.26,46.3 1 0
github.com/sean9999/polity/v3/network/mem/node.go:47.2,47.15 1 0
github.com/sean9999/polity/v3/network/mem/node.go:50.81,51.30 1 0
github.com/sean9999/polity/v3/network/mem/node.go:51.30,53.3 1 0
github.com/sean9999/polity/v3/network/mem/node.go:54.2,55.9 2 0
github.com/sean9999/polity/v3/network/mem/node.go:55.9,57.3 1 0
github.com/sean9999/polity/v3/network/mem/node.go:58.2,58.30 1 0
github.com/sean9999/polity/v3/network/mem/node.go:58.30,60.3 1 0
github.com/sean9999/polity/v3/network/mem/node.go:61.2,61.12 1 0
github.com/sean9999/polity/v3/network/mem/node.go:61.12,63.3 1 0
github.com/sean9999/polity/v3/network/mem/node.go:64.2,64.12 1 0
github.com/sean9999/polity/v3/network/mem/node.go:67.82,69.25 2 0
github.com/sean9999/polity/v3/network/mem/node.go:69.25,71.16 2 0
github.com/sean9999/polity/v3/network/mem/node.go:71.16,73.4 1 0
github.com/sean9999/polity/v3/network/mem/node.go:75.2,75.12 1 0
github.com/sean9999/polity/v3/network/mem/node.go:78.63,80.31 1 1
github.com/sean9999/polity/v3/network/mem/node.go:80.31,82.3 1 1
github.com/sean9999/polity/v3/network/mem/node.go:83.2,83.28 1 1
github.com/sean9999/polity/v3/network/mem/node.go:83.28,85.3 1 1
github.com/sean9999/polity/v3/network/mem/node.go:87.2,89.12 3 1
github.com/sean9999/polity/v3/network/mem/node.go:89.12,90.36 1 1
github.com/sean9999/polity/v3/network/mem/node.go:90.36,92.4 1 0
github.com/sean9999/polity/v3/network/mem/node.go:93.3,93.23 1 1
github.com/sean9999/polity/v3/network/mem/node.go:95.2,95.27 1 1
github.com/sean9999/polity/v3/network/mem/node.go:98.47,99.28 1 1
github.com/sean9999/polity/v3/network/mem/node.go:99.28,101.3 1 1
github.com/sean9999/polity/v3/network/mem/node.go:104.2,107.12 4 1
